#
# There is insufficient memory for the Java Runtime Environment to continue.
# Native memory allocation (malloc) failed to allocate 447216 bytes for Chunk::new
# Possible reasons:
#   The system is out of physical RAM or swap space
#   The process is running with CompressedOops enabled, and the Java Heap may be blocking the growth of the native heap
# Possible solutions:
#   Reduce memory load on the system
#   Increase physical memory or swap space
#   Check if swap backing store is full
#   Decrease Java heap size (-Xmx/-Xms)
#   Decrease number of Java threads
#   Decrease Java thread stack sizes (-Xss)
#   Set larger code cache with -XX:ReservedCodeCacheSize=
#   JVM is running with Unscaled Compressed Oops mode in which the Java heap is
#     placed in the first 4GB address space. The Java Heap base address is the
#     maximum limit for the native heap growth. Please use -XX:HeapBaseMinAddress
#     to set the Java Heap base and to place the Java Heap above 4GB virtual address.
# This output file may be truncated or incomplete.
#
#  Out of Memory Error (./open/src/hotspot/share/memory/arena.cpp:197), pid=10400, tid=7624
#
# JRE version: Java(TM) SE Runtime Environment 18.9 (11.0.8+10) (build 11.0.8+10-LTS)
# Java VM: Java HotSpot(TM) 64-Bit Server VM 18.9 (11.0.8+10-LTS, mixed mode, tiered, compressed oops, parallel gc, windows-amd64)
# No core dump will be written. Minidumps are not enabled by default on client versions of Windows
#

---------------  S U M M A R Y ------------

Command Line: --add-modules=ALL-SYSTEM --add-opens=java.base/java.util=ALL-UNNAMED --add-opens=java.base/java.lang=ALL-UNNAMED -Declipse.application=org.eclipse.jdt.ls.core.id1 -Dosgi.bundles.defaultStartLevel=4 -Declipse.product=org.eclipse.jdt.ls.core.product -Dfile.encoding=utf8 -DwatchParentProcess=false -XX:+UseParallelGC -XX:GCTimeRatio=4 -XX:AdaptiveSizePolicyWeight=90 -Dsun.zip.disableMemoryMapping=true -Xmx1G -Xms100m -Xverify:none c:\Users\djose\.vscode\extensions\redhat.java-0.65.0\server\plugins\org.eclipse.equinox.launcher_1.5.700.v20200207-2156.jar -configuration c:\Users\djose\AppData\Roaming\Code\User\globalStorage\redhat.java\0.65.0\config_win -data c:\Users\djose\AppData\Roaming\Code\User\workspaceStorage\06a6131ac17038417f0598152e509cd3\redhat.java\jdt_ws

Host: Intel(R) Core(TM) i7-3540M CPU @ 3.00GHz, 4 cores, 5G,  Windows 10 , 64 bit Build 19041 (10.0.19041.292)
Time: Thu Jul 23 23:50:06 2020 SA Western Standard Time elapsed time: 8 seconds (0d 0h 0m 8s)

---------------  T H R E A D  ---------------

Current thread (0x00000115f6fda800):  JavaThread "C2 CompilerThread0" daemon [_thread_in_native, id=7624, stack(0x0000001597c00000,0x0000001597d00000)]


Current CompileTask:
C2:   8935  581   !   4       java.util.jar.Attributes::read (388 bytes)

Stack: [0x0000001597c00000,0x0000001597d00000]
Native frames: (J=compiled Java code, j=interpreted, Vv=VM code, C=native code)
V  [jvm.dll+0x601aea]
V  [jvm.dll+0x737fef]
V  [jvm.dll+0x739675]
V  [jvm.dll+0x739cf3]
V  [jvm.dll+0x242848]
V  [jvm.dll+0xb999c]
V  [jvm.dll+0xb9f2c]
V  [jvm.dll+0x2b2f34]
V  [jvm.dll+0x523966]
V  [jvm.dll+0x1fde4b]
V  [jvm.dll+0x1fb37f]
V  [jvm.dll+0x17e0fc]
V  [jvm.dll+0x20aaa4]
V  [jvm.dll+0x208b7b]
V  [jvm.dll+0x6ff90c]
V  [jvm.dll+0x6f845c]
V  [jvm.dll+0x600d66]
C  [ucrtbase.dll+0x21542]
C  [KERNEL32.DLL+0x16fd4]
C  [ntdll.dll+0x4cec1]


---------------  P R O C E S S  ---------------

Threads class SMR info:
_java_thread_list=0x00000115f841b9a0, length=11, elements={
0x00000115ec1c9800, 0x00000115f6f69000, 0x00000115f6f6c000, 0x00000115f6fd6800,
0x00000115f6fd7800, 0x00000115f6fda800, 0x00000115f6f88800, 0x00000115f8149800,
0x00000115f8236000, 0x00000115f83a1000, 0x00000115f84de000
}

Java Threads: ( => current thread )
  0x00000115ec1c9800 JavaThread "main" [_thread_in_native, id=1696, stack(0x0000001597500000,0x0000001597600000)]
  0x00000115f6f69000 JavaThread "Reference Handler" daemon [_thread_blocked, id=12064, stack(0x0000001597800000,0x0000001597900000)]
  0x00000115f6f6c000 JavaThread "Finalizer" daemon [_thread_blocked, id=5364, stack(0x0000001597900000,0x0000001597a00000)]
  0x00000115f6fd6800 JavaThread "Signal Dispatcher" daemon [_thread_blocked, id=7688, stack(0x0000001597a00000,0x0000001597b00000)]
  0x00000115f6fd7800 JavaThread "Attach Listener" daemon [_thread_blocked, id=6300, stack(0x0000001597b00000,0x0000001597c00000)]
=>0x00000115f6fda800 JavaThread "C2 CompilerThread0" daemon [_thread_in_native, id=7624, stack(0x0000001597c00000,0x0000001597d00000)]
  0x00000115f6f88800 JavaThread "C1 CompilerThread0" daemon [_thread_blocked, id=11408, stack(0x0000001597d00000,0x0000001597e00000)]
  0x00000115f8149800 JavaThread "Sweeper thread" daemon [_thread_blocked, id=7768, stack(0x0000001597e00000,0x0000001597f00000)]
  0x00000115f8236000 JavaThread "Common-Cleaner" daemon [_thread_blocked, id=9848, stack(0x0000001597f00000,0x0000001598000000)]
  0x00000115f83a1000 JavaThread "Service Thread" daemon [_thread_blocked, id=7864, stack(0x0000001598000000,0x0000001598100000)]
  0x00000115f84de000 JavaThread "C2 CompilerThread1" daemon [_thread_blocked, id=9480, stack(0x0000001598200000,0x0000001598300000)]

Other Threads:
  0x00000115f6ea1800 VMThread "VM Thread" [stack: 0x0000001597700000,0x0000001597800000] [id=2244]
  0x00000115f83b5000 WatcherThread [stack: 0x0000001598100000,0x0000001598200000] [id=10116]
  0x00000115ec1df800 GCTaskThread "ParGC Thread#0" [stack: 0x0000001597600000,0x0000001597700000] [id=11256]

Threads with active compile tasks:
C2 CompilerThread0   9259  581   !   4       java.util.jar.Attributes::read (388 bytes)

VM state:not at safepoint (normal execution)

VM Mutex/Monitor currently owned by a thread: None

Heap address: 0x00000000c0000000, size: 1024 MB, Compressed Oops mode: 32-bit
Narrow klass base: 0x0000000000000000, Narrow klass shift: 3
Compressed class space size: 1073741824 Address: 0x0000000100000000

Heap:
 PSYoungGen      total 29696K, used 11965K [0x00000000eab00000, 0x00000000ecc00000, 0x0000000100000000)
  eden space 25600K, 46% used [0x00000000eab00000,0x00000000eb6af7b0,0x00000000ec400000)
  from space 4096K, 0% used [0x00000000ec800000,0x00000000ec800000,0x00000000ecc00000)
  to   space 4096K, 0% used [0x00000000ec400000,0x00000000ec400000,0x00000000ec800000)
 ParOldGen       total 68608K, used 0K [0x00000000c0000000, 0x00000000c4300000, 0x00000000eab00000)
  object space 68608K, 0% used [0x00000000c0000000,0x00000000c0000000,0x00000000c4300000)
 Metaspace       used 9463K, capacity 9704K, committed 9984K, reserved 1060864K
  class space    used 847K, capacity 917K, committed 1024K, reserved 1048576K

Card table byte_map: [0x00000115ebb90000,0x00000115ebda0000] _byte_map_base: 0x00000115eb590000

Marking Bits: (ParMarkBitMap*) 0x00007ffffad5e2a0
 Begin Bits: [0x00000115f45e0000, 0x00000115f55e0000)
 End Bits:   [0x00000115f55e0000, 0x00000115f65e0000)

Polling page: 0x00000115ea0b0000

Metaspace:

Usage:
  Non-class:      8.58 MB capacity,     8.41 MB ( 98%) used,   161.88 KB (  2%) free+waste,     8.44 KB ( <1%) overhead. 
      Class:    917.00 KB capacity,   847.26 KB ( 92%) used,    66.12 KB (  7%) free+waste,     3.63 KB ( <1%) overhead. 
       Both:      9.48 MB capacity,     9.24 MB ( 98%) used,   227.99 KB (  2%) free+waste,    12.06 KB ( <1%) overhead. 

Virtual space:
  Non-class space:       12.00 MB reserved,       8.75 MB ( 73%) committed 
      Class space:        1.00 GB reserved,       1.00 MB ( <1%) committed 
             Both:        1.01 GB reserved,       9.75 MB ( <1%) committed 

Chunk freelists:
   Non-Class:  5.63 KB
       Class:  1.38 KB
        Both:  7.00 KB

CodeHeap 'non-profiled nmethods': size=120064Kb used=169Kb max_used=169Kb free=119894Kb
 bounds [0x0000011587ac0000, 0x0000011587d30000, 0x000001158f000000]
CodeHeap 'profiled nmethods': size=120000Kb used=944Kb max_used=944Kb free=119055Kb
 bounds [0x0000011580590000, 0x0000011580800000, 0x0000011587ac0000]
CodeHeap 'non-nmethods': size=5696Kb used=1059Kb max_used=1073Kb free=4636Kb
 bounds [0x0000011580000000, 0x0000011580270000, 0x0000011580590000]
 total_blobs=960 nmethods=609 adapters=265
 compilation: enabled
              stopped_count=0, restarted_count=0
 full_count=0

Compilation events (10 events):
Event: 8.855 Thread 0x00000115f6f88800  593       3       java.util.jar.Attributes::clone (9 bytes)
Event: 8.856 Thread 0x00000115f6f88800 nmethod 593 0x0000011580676590 code [0x0000011580676780, 0x0000011580676c70]
Event: 8.857 Thread 0x00000115f6f88800  594       3       java.util.LinkedHashMap$LinkedEntrySet::iterator (12 bytes)
Event: 8.857 Thread 0x00000115f6f88800 nmethod 594 0x0000011580676e90 code [0x0000011580677040, 0x0000011580677378]
Event: 8.858 Thread 0x00000115f6f88800  596       3       java.util.jar.Attributes::<init> (17 bytes)
Event: 8.859 Thread 0x00000115f6f88800 nmethod 596 0x0000011580677490 code [0x0000011580677660, 0x0000011580677a90]
Event: 8.859 Thread 0x00000115f6f88800  595       3       java.util.LinkedHashMap$LinkedEntryIterator::<init> (11 bytes)
Event: 8.859 Thread 0x00000115f6f88800 nmethod 595 0x0000011580677c10 code [0x0000011580677dc0, 0x0000011580678038]
Event: 8.868 Thread 0x00000115f6f88800  598       3       java.lang.String::endsWith (15 bytes)
Event: 8.869 Thread 0x00000115f6f88800 nmethod 598 0x0000011580678110 code [0x00000115806782e0, 0x0000011580678670]

GC Heap History (0 events):
No events

Deoptimization events (4 events):
Event: 2.328 Thread 0x00000115ec1c9800 Uncommon trap: reason=unstable_if action=reinterpret pc=0x0000011587ac6b10 method=java.lang.String.isLatin1()Z @ 10 c2
Event: 3.754 Thread 0x00000115ec1c9800 Uncommon trap: reason=unstable_if action=reinterpret pc=0x0000011587acc12c method=java.util.HashMap.putVal(ILjava/lang/Object;Ljava/lang/Object;ZZ)Ljava/lang/Object; @ 181 c2
Event: 8.433 Thread 0x00000115ec1c9800 Uncommon trap: reason=unstable_if action=reinterpret pc=0x0000011587ae519c method=java.util.HashMap.getNode(ILjava/lang/Object;)Ljava/util/HashMap$Node; @ 62 c2
Event: 8.434 Thread 0x00000115ec1c9800 Uncommon trap: reason=unstable_if action=reinterpret pc=0x0000011587adf774 method=java.util.HashMap.getNode(ILjava/lang/Object;)Ljava/util/HashMap$Node; @ 62 c2

Classes redefined (0 events):
No events

Internal exceptions (6 events):
Event: 5.938 Thread 0x00000115ec1c9800 Exception <a 'java/lang/ClassNotFoundException'{0x00000000eaf32f10}: sun/net/www/protocol/c/Handler> (0x00000000eaf32f10) thrown at [./open/src/hotspot/share/classfile/systemDictionary.cpp, line 228]
Event: 5.993 Thread 0x00000115ec1c9800 Exception <a 'java/io/FileNotFoundException'{0x00000000eaf49450}> (0x00000000eaf49450) thrown at [./open/src/hotspot/share/prims/jni.cpp, line 611]
Event: 5.994 Thread 0x00000115ec1c9800 Exception <a 'java/io/FileNotFoundException'{0x00000000eaf4a218}> (0x00000000eaf4a218) thrown at [./open/src/hotspot/share/prims/jni.cpp, line 611]
Event: 5.996 Thread 0x00000115ec1c9800 Exception <a 'java/io/FileNotFoundException'{0x00000000eaf4aea0}> (0x00000000eaf4aea0) thrown at [./open/src/hotspot/share/prims/jni.cpp, line 611]
Event: 6.063 Thread 0x00000115ec1c9800 Exception <a 'java/io/FileNotFoundException'{0x00000000eaf4bb40}> (0x00000000eaf4bb40) thrown at [./open/src/hotspot/share/prims/jni.cpp, line 611]
Event: 6.180 Thread 0x00000115ec1c9800 Exception <a 'java/io/FileNotFoundException'{0x00000000eaf67a08}> (0x00000000eaf67a08) thrown at [./open/src/hotspot/share/prims/jni.cpp, line 611]

Events (10 events):
Event: 8.552 loading class org/eclipse/osgi/internal/hookregistry/HookRegistry
Event: 8.552 loading class org/eclipse/osgi/internal/hookregistry/HookRegistry done
Event: 8.556 loading class org/eclipse/osgi/internal/framework/AliasMapper
Event: 8.556 loading class org/eclipse/osgi/internal/framework/AliasMapper done
Event: 8.642 loading class java/net/URLClassLoader$2
Event: 8.642 loading class java/net/URLClassLoader$2 done
Event: 8.666 loading class sun/net/www/protocol/jar/URLJarFile$URLJarFileEntry
Event: 8.666 loading class sun/net/www/protocol/jar/URLJarFile$URLJarFileEntry done
Event: 8.667 loading class sun/net/www/protocol/jar/JarURLConnection$JarURLInputStream
Event: 8.667 loading class sun/net/www/protocol/jar/JarURLConnection$JarURLInputStream done


Dynamic libraries:
0x00007ff724480000 - 0x00007ff72448f000 	C:\Program Files\Java\jdk-11.0.8\bin\java.exe
0x00007ff842270000 - 0x00007ff842464000 	C:\Windows\SYSTEM32\ntdll.dll
0x00007ff835830000 - 0x00007ff835843000 	C:\Program Files\Avast Software\Avast\aswhook.dll
0x00007ff841500000 - 0x00007ff8415bd000 	C:\Windows\System32\KERNEL32.DLL
0x00007ff840010000 - 0x00007ff8402d7000 	C:\Windows\System32\KERNELBASE.dll
0x00007ff83fb30000 - 0x00007ff83fc30000 	C:\Windows\System32\ucrtbase.dll
0x00007ff8316e0000 - 0x00007ff8316f8000 	C:\Program Files\Java\jdk-11.0.8\bin\jli.dll
0x00007ff841290000 - 0x00007ff84133a000 	C:\Windows\System32\ADVAPI32.dll
0x00007ff8413f0000 - 0x00007ff84148e000 	C:\Windows\System32\msvcrt.dll
0x00007ff840d40000 - 0x00007ff840ddb000 	C:\Windows\System32\sechost.dll
0x00007ff840a70000 - 0x00007ff840b93000 	C:\Windows\System32\RPCRT4.dll
0x00007ff8418b0000 - 0x00007ff841a50000 	C:\Windows\System32\USER32.dll
0x00007ff83fe90000 - 0x00007ff83feb2000 	C:\Windows\System32\win32u.dll
0x00007ff842200000 - 0x00007ff84222a000 	C:\Windows\System32\GDI32.dll
0x00007ff83fa20000 - 0x00007ff83fb2a000 	C:\Windows\System32\gdi32full.dll
0x00007ff83ff70000 - 0x00007ff84000d000 	C:\Windows\System32\msvcp_win.dll
0x00007ff831630000 - 0x00007ff831645000 	C:\Program Files\Java\jdk-11.0.8\bin\VCRUNTIME140.dll
0x00007ff8285c0000 - 0x00007ff82885a000 	C:\Windows\WinSxS\amd64_microsoft.windows.common-controls_6595b64144ccf1df_6.0.19041.1_none_b555e41d4684ddec\COMCTL32.dll
0x00007ff834eb0000 - 0x00007ff834eba000 	C:\Windows\SYSTEM32\VERSION.dll
0x00007ff840a40000 - 0x00007ff840a70000 	C:\Windows\System32\IMM32.DLL
0x00007ff81b280000 - 0x00007ff81b31b000 	C:\Program Files\Java\jdk-11.0.8\bin\msvcp140.dll
0x00007ffffa330000 - 0x00007ffffae16000 	C:\Program Files\Java\jdk-11.0.8\bin\server\jvm.dll
0x00007ff8414f0000 - 0x00007ff8414f8000 	C:\Windows\System32\PSAPI.DLL
0x00007ff82fce0000 - 0x00007ff82fce9000 	C:\Windows\SYSTEM32\WSOCK32.dll
0x00007ff841a50000 - 0x00007ff841abb000 	C:\Windows\System32\WS2_32.dll
0x00007ff839760000 - 0x00007ff839787000 	C:\Windows\SYSTEM32\WINMM.dll
0x00007ff83e610000 - 0x00007ff83e623000 	C:\Windows\SYSTEM32\kernel.appcore.dll
0x00007ff83cfb0000 - 0x00007ff83cfc0000 	C:\Program Files\Java\jdk-11.0.8\bin\verify.dll
0x00007ff833600000 - 0x00007ff8337e4000 	C:\Windows\SYSTEM32\DBGHELP.DLL
0x00007ff8335d0000 - 0x00007ff8335fc000 	C:\Windows\SYSTEM32\dbgcore.DLL
0x00007ff83fd90000 - 0x00007ff83fe0f000 	C:\Windows\System32\bcryptPrimitives.dll
0x00007ff82a420000 - 0x00007ff82a448000 	C:\Program Files\Java\jdk-11.0.8\bin\java.dll
0x00007ff83b460000 - 0x00007ff83b46a000 	C:\Program Files\Java\jdk-11.0.8\bin\jimage.dll
0x00007ff82a080000 - 0x00007ff82a096000 	C:\Program Files\Java\jdk-11.0.8\bin\zip.dll
0x00007ff841ac0000 - 0x00007ff8421f5000 	C:\Windows\System32\SHELL32.dll
0x00007ff83da40000 - 0x00007ff83e1cf000 	C:\Windows\SYSTEM32\windows.storage.dll
0x00007ff840de0000 - 0x00007ff841133000 	C:\Windows\System32\combase.dll
0x00007ff83f440000 - 0x00007ff83f46b000 	C:\Windows\SYSTEM32\Wldp.dll
0x00007ff841140000 - 0x00007ff8411ee000 	C:\Windows\System32\SHCORE.dll
0x00007ff840c00000 - 0x00007ff840c55000 	C:\Windows\System32\shlwapi.dll
0x00007ff83f900000 - 0x00007ff83f91f000 	C:\Windows\SYSTEM32\profapi.dll
0x00007ff82a060000 - 0x00007ff82a079000 	C:\Program Files\Java\jdk-11.0.8\bin\net.dll
0x00007ff831ba0000 - 0x00007ff831ca0000 	C:\Windows\SYSTEM32\WINHTTP.dll
0x00007ff83f1c0000 - 0x00007ff83f22a000 	C:\Windows\system32\mswsock.dll
0x00007ff820560000 - 0x00007ff820572000 	C:\Program Files\Java\jdk-11.0.8\bin\nio.dll

dbghelp: loaded successfully - version: 4.0.5 - missing functions: none
symbol engine: initialized successfully - sym options: 0x614 - pdb path: .;C:\Program Files\Java\jdk-11.0.8\bin;C:\Windows\SYSTEM32;C:\Program Files\Avast Software\Avast;C:\Windows\WinSxS\amd64_microsoft.windows.common-controls_6595b64144ccf1df_6.0.19041.1_none_b555e41d4684ddec;C:\Program Files\Java\jdk-11.0.8\bin\server

VM Arguments:
jvm_args: --add-modules=ALL-SYSTEM --add-opens=java.base/java.util=ALL-UNNAMED --add-opens=java.base/java.lang=ALL-UNNAMED -Declipse.application=org.eclipse.jdt.ls.core.id1 -Dosgi.bundles.defaultStartLevel=4 -Declipse.product=org.eclipse.jdt.ls.core.product -Dfile.encoding=utf8 -DwatchParentProcess=false -XX:+UseParallelGC -XX:GCTimeRatio=4 -XX:AdaptiveSizePolicyWeight=90 -Dsun.zip.disableMemoryMapping=true -Xmx1G -Xms100m -Xverify:none 
java_command: c:\Users\djose\.vscode\extensions\redhat.java-0.65.0\server\plugins\org.eclipse.equinox.launcher_1.5.700.v20200207-2156.jar -configuration c:\Users\djose\AppData\Roaming\Code\User\globalStorage\redhat.java\0.65.0\config_win -data c:\Users\djose\AppData\Roaming\Code\User\workspaceStorage\06a6131ac17038417f0598152e509cd3\redhat.java\jdt_ws
java_class_path (initial): c:\Users\djose\.vscode\extensions\redhat.java-0.65.0\server\plugins\org.eclipse.equinox.launcher_1.5.700.v20200207-2156.jar
Launcher Type: SUN_STANDARD

[Global flags]
    uintx AdaptiveSizePolicyWeight                 = 90                                        {product} {command line}
     bool BytecodeVerificationLocal                = false                                     {product} {command line}
     bool BytecodeVerificationRemote               = false                                     {product} {command line}
     intx CICompilerCount                          = 3                                         {product} {ergonomic}
    uintx GCTimeRatio                              = 4                                         {product} {command line}
   size_t InitialHeapSize                          = 104857600                                 {product} {command line}
   size_t MaxHeapSize                              = 1073741824                                {product} {command line}
   size_t MaxNewSize                               = 357564416                                 {product} {ergonomic}
   size_t MinHeapDeltaBytes                        = 524288                                    {product} {ergonomic}
   size_t NewSize                                  = 34603008                                  {product} {ergonomic}
    uintx NonNMethodCodeHeapSize                   = 5830732                                {pd product} {ergonomic}
    uintx NonProfiledCodeHeapSize                  = 122913754                              {pd product} {ergonomic}
   size_t OldSize                                  = 70254592                                  {product} {ergonomic}
    uintx ProfiledCodeHeapSize                     = 122913754                              {pd product} {ergonomic}
    uintx ReservedCodeCacheSize                    = 251658240                              {pd product} {ergonomic}
     bool SegmentedCodeCache                       = true                                      {product} {ergonomic}
     bool UseCompressedClassPointers               = true                                 {lp64_product} {ergonomic}
     bool UseCompressedOops                        = true                                 {lp64_product} {ergonomic}
     bool UseLargePagesIndividualAllocation        = false                                  {pd product} {ergonomic}
     bool UseParallelGC                            = true                                      {product} {command line}

Logging:
Log output configuration:
 #0: stdout all=warning uptime,level,tags
 #1: stderr all=off uptime,level,tags

Environment Variables:
PATH=C:\Program Files (x86)\Common Files\Oracle\Java\javapath;C:\Program Files\Common Files\Oracle\Java\javapath;C:\Windows\system32;C:\Windows;C:\Windows\System32\Wbem;C:\Windows\System32\WindowsPowerShell\v1.0\;C:\Windows\System32\OpenSSH\;C:\Program Files\Git\cmd;C:\MinGW\bin;C:\Program Files\dotnet\;C:\Go\bin;C:\Users\djose\AppData\Local\Programs\Python\Python37\Scripts\;C:\Users\djose\AppData\Local\Programs\Python\Python37\;C:\Users\djose\AppData\Local\Microsoft\WindowsApps;;C:\Program Files (x86)\Microsoft VS Code\bin;C:\Users\djose\.dotnet\tools;C:\Users\djose\go\bin
USERNAME=djose
OS=Windows_NT
PROCESSOR_IDENTIFIER=Intel64 Family 6 Model 58 Stepping 9, GenuineIntel



---------------  S Y S T E M  ---------------

OS: Windows 10 , 64 bit Build 19041 (10.0.19041.292)

CPU:total 4 (initial active 4) (2 cores per cpu, 2 threads per core) family 6 model 58 stepping 9, cmov, cx8, fxsr, mmx, sse, sse2, sse3, ssse3, sse4.1, sse4.2, popcnt, avx, aes, clmul, erms, ht, tsc, tscinvbit, tscinv

Memory: 4k page, system-wide physical 6049M (455M free)
TotalPageFile size 8097M (AvailPageFile size 168M)
current process WorkingSet (physical memory assigned to process): 49M, peak: 49M
current process commit charge ("private bytes"): 183M, peak: 183M

vm_info: Java HotSpot(TM) 64-Bit Server VM (11.0.8+10-LTS) for windows-amd64 JRE (11.0.8+10-LTS), built on Jun 16 2020 05:53:08 by "mach5one" with unknown MS VC++:1916

END.
